\BOOKMARK [0][-]{Doc-Start}{\376\377\136\217\212\000}{}% 1
\BOOKMARK [0][-]{chapter*.1}{\376\377\166\356\137\125}{}% 2
\BOOKMARK [0][-]{chapter.1}{\376\377\000P\000a\000r\000t\000\040\0001\000:\000\040\127\372\176\277\163\257\130\203\116\013\166\204\213\244\167\345\116\373\122\241\116\016\217\336\176\355\133\146\116\140\133\236\232\214}{}% 3
\BOOKMARK [1][-]{section.1.1}{\376\377\116\373\122\241\143\317\217\360\116\016\213\304\116\367\143\007\150\007}{chapter.1}% 4
\BOOKMARK [1][-]{section.1.2}{\376\377\133\236\232\214\213\276\177\156\116\016\155\101\172\013}{chapter.1}% 5
\BOOKMARK [2][-]{subsection.1.2.1}{\376\377\145\160\143\156\165\037\142\020\116\016\163\257\130\203\221\115\177\156}{section.1.2}% 6
\BOOKMARK [2][-]{subsection.1.2.2}{\376\377\152\041\127\213\116\016\213\255\176\303\145\271\154\325}{section.1.2}% 7
\BOOKMARK [1][-]{section.1.3}{\376\377\133\236\232\214\213\276\177\156}{chapter.1}% 8
\BOOKMARK [2][-]{subsection.1.3.1}{\376\377\145\160\143\156\165\037\142\020\116\016\163\257\130\203\221\115\177\156}{section.1.3}% 9
\BOOKMARK [2][-]{subsection.1.3.2}{\376\377\152\041\127\213\213\255\176\303\155\101\172\013}{section.1.3}% 10
\BOOKMARK [1][-]{section.1.4}{\376\377\152\041\127\213\210\150\163\260\116\016\122\006\147\220}{chapter.1}% 11
\BOOKMARK [2][-]{subsection.1.4.1}{\376\377\123\125\116\373\122\241\210\150\163\260\377\032\000F\0001\122\006\145\160\116\016\000M\000S\000E\143\137\131\061}{section.1.4}% 12
\BOOKMARK [2][-]{subsection.1.4.2}{\376\377\230\172\136\217\133\146\116\140\116\016\160\176\226\276\140\047\220\127\137\330}{section.1.4}% 13
\BOOKMARK [2][-]{subsection.1.4.3}{\376\377\000E\000W\000C\145\271\154\325\177\023\211\343\220\127\137\330\145\110\147\234}{section.1.4}% 14
\BOOKMARK [2][-]{subsection.1.4.4}{\376\377\152\041\127\213\176\323\147\204\133\371\217\336\176\355\133\146\116\140\166\204\137\161\124\315}{section.1.4}% 15
\BOOKMARK [1][-]{section.1.5}{\376\377\134\017\176\323\116\016\134\125\147\033}{chapter.1}% 16
\BOOKMARK [0][-]{chapter.2}{\376\377\000P\000a\000r\000t\000\040\0002\000:\000\040\116\015\124\014\217\336\176\355\140\047\133\146\116\140\145\271\154\325\166\204\140\047\200\375\153\324\133\371}{}% 17
\BOOKMARK [1][-]{section.2.1}{\376\377\145\271\154\325\116\016\133\236\232\214\213\276\177\156}{chapter.2}% 18
\BOOKMARK [2][-]{subsection.2.1.1}{\376\377\213\244\167\345\116\373\122\241\136\217\122\027}{section.2.1}% 19
\BOOKMARK [2][-]{subsection.2.1.2}{\376\377\152\041\127\213\147\266\147\204}{section.2.1}% 20
\BOOKMARK [2][-]{subsection.2.1.3}{\376\377\217\336\176\355\133\146\116\140\173\126\165\145}{section.2.1}% 21
\BOOKMARK [1][-]{section.2.2}{\376\377\133\236\232\214\176\323\147\234\116\016\122\006\147\220}{chapter.2}% 22
\BOOKMARK [2][-]{subsection.2.2.1}{\376\377\127\372\176\277\145\271\154\325\166\204\160\176\226\276\140\047\220\127\137\330}{section.2.2}% 23
\BOOKMARK [2][-]{subsection.2.2.2}{\376\377\153\143\122\031\123\026\145\271\154\325\000E\000W\000C}{section.2.2}% 24
\BOOKMARK [3][-]{section*.8}{\376\377\000S\000t\000a\000n\000d\000a\000r\000d\000\040\000E\000W\000C\377\032\176\246\147\137\131\061\145\110}{subsection.2.2.2}% 25
\BOOKMARK [3][-]{section*.8}{\376\377\137\122\116\000\123\026\166\204\000E\000W\000C}{subsection.2.2.2}% 26
\BOOKMARK [3][-]{section*.8}{\376\377\000O\000n\000l\000i\000n\000e\000\040\000E\000W\000C\377\032\123\213\177\051\136\046\147\145\140\047\200\375\143\137\131\061}{subsection.2.2.2}% 27
\BOOKMARK [2][-]{subsection.2.2.3}{\376\377\213\260\137\306\126\336\145\076\145\271\154\325\000E\000R}{section.2.2}% 28
\BOOKMARK [3][-]{section*.9}{\376\377\150\007\121\306\000E\000R\145\271\154\325}{subsection.2.2.3}% 29
\BOOKMARK [3][-]{section*.9}{\376\377\000A\000-\000G\000E\000M\145\271\154\325}{subsection.2.2.3}% 30
\BOOKMARK [1][-]{section.2.3}{\376\377\217\336\176\355\133\146\116\140\147\072\122\066\116\016\165\037\162\151\146\172\200\375}{chapter.2}% 31
\BOOKMARK [2][-]{subsection.2.3.1}{\376\377\172\063\133\232\140\047\000-\123\357\130\121\140\047\147\103\210\141}{section.2.3}% 32
\BOOKMARK [2][-]{subsection.2.3.2}{\376\377\167\345\213\306\217\301\171\373}{section.2.3}% 33
\BOOKMARK [1][-]{section.2.4}{\376\377\176\323\213\272}{chapter.2}% 34
\BOOKMARK [0][-]{chapter.3}{\376\377\000P\000a\000r\000t\000\040\0005\000:\000\040\167\037\133\236\163\257\130\203\116\013\166\204\213\244\167\345\116\373\122\241\116\377\167\037\116\016\122\006\147\220}{}% 35
\BOOKMARK [1][-]{section.3.1}{\376\377\145\071\217\333\140\035\215\357\116\016\165\037\162\151\133\146\124\057\123\321}{chapter.3}% 36
\BOOKMARK [2][-]{subsection.3.1.1}{\376\377\137\025\121\145\141\037\167\345\126\152\130\360\000\040\000\050\000S\000e\000n\000s\000o\000r\000y\000\040\000N\000o\000i\000s\000e\000\051}{section.3.1}% 37
\BOOKMARK [2][-]{subsection.3.1.2}{\376\377\137\025\121\145\145\366\225\364\123\330\137\002\140\047\000\040\000\050\000T\000e\000m\000p\000o\000r\000a\000l\000\040\000V\000a\000r\000i\000a\000b\000i\000l\000i\000t\000y\000\051}{section.3.1}% 38
\BOOKMARK [1][-]{section.3.2}{\376\377\116\343\170\001\133\236\163\260}{chapter.3}% 39
\BOOKMARK [1][-]{section.3.3}{\376\377\133\236\232\214\176\323\147\234\116\016\122\006\147\220}{chapter.3}% 40
\BOOKMARK [2][-]{subsection.3.3.1}{\376\377\163\257\130\203\131\015\147\102\136\246\133\371\152\041\127\213\140\047\200\375\166\204\137\161\124\315}{section.3.3}% 41
\BOOKMARK [2][-]{subsection.3.3.2}{\376\377\167\037\133\236\163\257\130\203\133\371\160\176\226\276\140\047\220\127\137\330\166\204\137\161\124\315}{section.3.3}% 42
